<?xml version="1.0" encoding="UTF-8"?>
<!-- Generated by org.testng.reporters.JUnitReportReporter -->
<testsuite skipped="0" hostname="DESKTOP-78RVMS7" name="maven.mavenjava.RESTAPITest" tests="2" failures="0" timestamp="12 Nov 2020 07:48:42 GMT" time="0.027" errors="0">
  <testcase name="deleteTwitter" time="0.026" classname="maven.mavenjava.RESTAPITest"/>
  <testcase name="postJira" time="0.001" classname="maven.mavenjava.RESTAPITest"/>
</testsuite> <!-- maven.mavenjava.RESTAPITest -->
