<?xml version="1.0" encoding="UTF-8"?>
<!-- Generated by org.testng.reporters.JUnitReportReporter -->
<testsuite skipped="0" hostname="DESKTOP-78RVMS7" name="maven.mavenjava.SeleniumTest" tests="2" failures="0" timestamp="12 Nov 2020 07:48:08 GMT" time="0.000" errors="0">
  <testcase name="elements" time="0.000" classname="maven.mavenjava.SeleniumTest"/>
  <testcase name="BrowserTest" time="0.000" classname="maven.mavenjava.SeleniumTest"/>
</testsuite> <!-- maven.mavenjava.SeleniumTest -->
