<?xml version="1.0" encoding="UTF-8"?>
<!-- Generated by org.testng.reporters.JUnitReportReporter -->
<testsuite skipped="0" hostname="DESKTOP-78RVMS7" name="maven.mavenjava.AppiumTest" tests="2" failures="0" timestamp="12 Nov 2020 07:48:42 GMT" time="0.002" errors="0">
  <testcase name="NativeAppAndroid" time="0.000" classname="maven.mavenjava.AppiumTest"/>
  <testcase name="IOSApps" time="0.002" classname="maven.mavenjava.AppiumTest"/>
</testsuite> <!-- maven.mavenjava.AppiumTest -->
